2023-04-13 10:41:33.797  INFO 10732 --- [restartedMain] c.y.ems.CompetencyEmsProjectApplication  : Starting CompetencyEmsProjectApplication using Java 17.0.3 on YPH1016146LT with PID 10732 (D:\PIP_Final_Backup\under ide\Competency-EMS-Project\target\classes started by shubham.bhake in D:\PIP_Final_Backup\under ide\Competency-EMS-Project)
2023-04-13 10:41:33.815  INFO 10732 --- [restartedMain] c.y.ems.CompetencyEmsProjectApplication  : No active profile set, falling back to 1 default profile: "default"
2023-04-13 10:41:33.893  INFO 10732 --- [restartedMain] .e.DevToolsPropertyDefaultsPostProcessor : Devtools property defaults active! Set 'spring.devtools.add-properties' to 'false' to disable
2023-04-13 10:41:33.893  INFO 10732 --- [restartedMain] .e.DevToolsPropertyDefaultsPostProcessor : For additional web related logging consider setting the 'logging.level.web' property to 'DEBUG'
2023-04-13 10:41:35.766  INFO 10732 --- [restartedMain] .s.d.r.c.RepositoryConfigurationDelegate : Bootstrapping Spring Data JPA repositories in DEFAULT mode.
2023-04-13 10:41:35.897  INFO 10732 --- [restartedMain] .s.d.r.c.RepositoryConfigurationDelegate : Finished Spring Data repository scanning in 119 ms. Found 8 JPA repository interfaces.
2023-04-13 10:41:36.695  INFO 10732 --- [restartedMain] o.s.b.w.embedded.tomcat.TomcatWebServer  : Tomcat initialized with port(s): 8080 (http)
2023-04-13 10:41:36.708  INFO 10732 --- [restartedMain] o.apache.catalina.core.StandardService   : Starting service [Tomcat]
2023-04-13 10:41:36.708  INFO 10732 --- [restartedMain] org.apache.catalina.core.StandardEngine  : Starting Servlet engine: [Apache Tomcat/9.0.71]
2023-04-13 10:41:36.864  INFO 10732 --- [restartedMain] o.a.c.c.C.[Tomcat].[localhost].[/]       : Initializing Spring embedded WebApplicationContext
2023-04-13 10:41:36.864  INFO 10732 --- [restartedMain] w.s.c.ServletWebServerApplicationContext : Root WebApplicationContext: initialization completed in 2970 ms
2023-04-13 10:41:37.024  INFO 10732 --- [restartedMain] o.hibernate.jpa.internal.util.LogHelper  : HHH000204: Processing PersistenceUnitInfo [name: default]
2023-04-13 10:41:37.109  INFO 10732 --- [restartedMain] org.hibernate.Version                    : HHH000412: Hibernate ORM core version 5.6.15.Final
2023-04-13 10:41:37.276  INFO 10732 --- [restartedMain] o.hibernate.annotations.common.Version   : HCANN000001: Hibernate Commons Annotations {5.1.2.Final}
2023-04-13 10:41:37.395  INFO 10732 --- [restartedMain] com.zaxxer.hikari.HikariDataSource       : HikariPool-1 - Starting...
2023-04-13 10:41:37.619  INFO 10732 --- [restartedMain] com.zaxxer.hikari.HikariDataSource       : HikariPool-1 - Start completed.
2023-04-13 10:41:37.637  INFO 10732 --- [restartedMain] org.hibernate.dialect.Dialect            : HHH000400: Using dialect: org.hibernate.dialect.MySQL5Dialect
2023-04-13 10:41:41.034  INFO 10732 --- [restartedMain] o.h.e.t.j.p.i.JtaPlatformInitiator       : HHH000490: Using JtaPlatform implementation: [org.hibernate.engine.transaction.jta.platform.internal.NoJtaPlatform]
2023-04-13 10:41:41.046  INFO 10732 --- [restartedMain] j.LocalContainerEntityManagerFactoryBean : Initialized JPA EntityManagerFactory for persistence unit 'default'
2023-04-13 10:41:41.487  WARN 10732 --- [restartedMain] JpaBaseConfiguration$JpaWebConfiguration : spring.jpa.open-in-view is enabled by default. Therefore, database queries may be performed during view rendering. Explicitly configure spring.jpa.open-in-view to disable this warning
2023-04-13 10:41:42.207  INFO 10732 --- [restartedMain] o.s.s.web.DefaultSecurityFilterChain     : Will secure any request with [org.springframework.security.web.session.DisableEncodeUrlFilter@43165691, org.springframework.security.web.context.request.async.WebAsyncManagerIntegrationFilter@6085cc8f, org.springframework.security.web.context.SecurityContextPersistenceFilter@1254cb51, org.springframework.security.web.header.HeaderWriterFilter@9e59a57, org.springframework.security.web.authentication.logout.LogoutFilter@24e528ba, com.yash.ems.config.JwtAuthenticationFilter@33d4761d, org.springframework.security.web.savedrequest.RequestCacheAwareFilter@34ed16a0, org.springframework.security.web.servletapi.SecurityContextHolderAwareRequestFilter@35c43e02, org.springframework.security.web.authentication.AnonymousAuthenticationFilter@ff3a5a, org.springframework.security.web.session.SessionManagementFilter@6ecfdb2a, org.springframework.security.web.access.ExceptionTranslationFilter@4cb0ded0, org.springframework.security.web.access.intercept.FilterSecurityInterceptor@b8892d0]
2023-04-13 10:41:42.254  INFO 10732 --- [restartedMain] pertySourcedRequestMappingHandlerMapping : Mapped URL path [/v2/api-docs] onto method [springfox.documentation.swagger2.web.Swagger2Controller#getDocumentation(String, HttpServletRequest)]
2023-04-13 10:41:42.524  INFO 10732 --- [restartedMain] o.s.b.d.a.OptionalLiveReloadServer       : LiveReload server is running on port 35729
2023-04-13 10:41:42.895  INFO 10732 --- [restartedMain] o.s.b.w.embedded.tomcat.TomcatWebServer  : Tomcat started on port(s): 8080 (http) with context path ''
2023-04-13 10:41:42.898  INFO 10732 --- [restartedMain] d.s.w.p.DocumentationPluginsBootstrapper : Context refreshed
2023-04-13 10:41:42.942  INFO 10732 --- [restartedMain] d.s.w.p.DocumentationPluginsBootstrapper : Found 1 custom documentation plugin(s)
2023-04-13 10:41:42.985  INFO 10732 --- [restartedMain] s.d.s.w.s.ApiListingReferenceScanner     : Scanning for api listing references
2023-04-13 10:41:43.605  INFO 10732 --- [restartedMain] c.y.ems.CompetencyEmsProjectApplication  : Started CompetencyEmsProjectApplication in 10.21 seconds (JVM running for 11.479)
2023-04-13 11:02:48.090  INFO 10732 --- [RMI TCP Connection(23)-127.0.0.1] inMXBeanRegistrar$SpringApplicationAdmin : Application shutdown requested.
2023-04-13 11:02:48.124  INFO 10732 --- [RMI TCP Connection(23)-127.0.0.1] o.apache.catalina.core.StandardService   : Stopping service [Tomcat]
2023-04-13 11:02:48.135  WARN 10732 --- [RMI TCP Connection(23)-127.0.0.1] o.a.c.loader.WebappClassLoaderBase       : The web application [ROOT] appears to have started a thread named [HikariPool-1 housekeeper] but has failed to stop it. This is very likely to create a memory leak. Stack trace of thread:
 java.base@17.0.3/jdk.internal.misc.Unsafe.park(Native Method)
 java.base@17.0.3/java.util.concurrent.locks.LockSupport.parkNanos(LockSupport.java:252)
 java.base@17.0.3/java.util.concurrent.locks.AbstractQueuedSynchronizer$ConditionObject.awaitNanos(AbstractQueuedSynchronizer.java:1672)
 java.base@17.0.3/java.util.concurrent.ScheduledThreadPoolExecutor$DelayedWorkQueue.take(ScheduledThreadPoolExecutor.java:1182)
 java.base@17.0.3/java.util.concurrent.ScheduledThreadPoolExecutor$DelayedWorkQueue.take(ScheduledThreadPoolExecutor.java:899)
 java.base@17.0.3/java.util.concurrent.ThreadPoolExecutor.getTask(ThreadPoolExecutor.java:1062)
 java.base@17.0.3/java.util.concurrent.ThreadPoolExecutor.runWorker(ThreadPoolExecutor.java:1122)
 java.base@17.0.3/java.util.concurrent.ThreadPoolExecutor$Worker.run(ThreadPoolExecutor.java:635)
 java.base@17.0.3/java.lang.Thread.run(Thread.java:833)
2023-04-13 11:02:48.149  INFO 10732 --- [RMI TCP Connection(23)-127.0.0.1] j.LocalContainerEntityManagerFactoryBean : Closing JPA EntityManagerFactory for persistence unit 'default'
2023-04-13 11:02:48.158  INFO 10732 --- [RMI TCP Connection(23)-127.0.0.1] com.zaxxer.hikari.HikariDataSource       : HikariPool-1 - Shutdown initiated...
2023-04-13 11:02:48.177  INFO 10732 --- [RMI TCP Connection(23)-127.0.0.1] com.zaxxer.hikari.HikariDataSource       : HikariPool-1 - Shutdown completed.
2023-04-13 11:04:52.757  INFO 16476 --- [restartedMain] c.y.ems.CompetencyEmsProjectApplication  : Starting CompetencyEmsProjectApplication using Java 17.0.3 on YPH1016146LT with PID 16476 (D:\PIP_Final_Backup\under ide\Competency-EMS-Project\target\classes started by shubham.bhake in D:\PIP_Final_Backup\under ide\Competency-EMS-Project)
2023-04-13 11:04:52.759  INFO 16476 --- [restartedMain] c.y.ems.CompetencyEmsProjectApplication  : No active profile set, falling back to 1 default profile: "default"
2023-04-13 11:04:52.817  INFO 16476 --- [restartedMain] .e.DevToolsPropertyDefaultsPostProcessor : Devtools property defaults active! Set 'spring.devtools.add-properties' to 'false' to disable
2023-04-13 11:04:52.817  INFO 16476 --- [restartedMain] .e.DevToolsPropertyDefaultsPostProcessor : For additional web related logging consider setting the 'logging.level.web' property to 'DEBUG'
2023-04-13 11:04:53.852  INFO 16476 --- [restartedMain] .s.d.r.c.RepositoryConfigurationDelegate : Bootstrapping Spring Data JPA repositories in DEFAULT mode.
2023-04-13 11:04:53.987  INFO 16476 --- [restartedMain] .s.d.r.c.RepositoryConfigurationDelegate : Finished Spring Data repository scanning in 120 ms. Found 8 JPA repository interfaces.
2023-04-13 11:04:54.968  INFO 16476 --- [restartedMain] o.s.b.w.embedded.tomcat.TomcatWebServer  : Tomcat initialized with port(s): 8080 (http)
2023-04-13 11:04:54.990  INFO 16476 --- [restartedMain] o.apache.catalina.core.StandardService   : Starting service [Tomcat]
2023-04-13 11:04:54.991  INFO 16476 --- [restartedMain] org.apache.catalina.core.StandardEngine  : Starting Servlet engine: [Apache Tomcat/9.0.71]
2023-04-13 11:04:55.168  INFO 16476 --- [restartedMain] o.a.c.c.C.[Tomcat].[localhost].[/]       : Initializing Spring embedded WebApplicationContext
2023-04-13 11:04:55.168  INFO 16476 --- [restartedMain] w.s.c.ServletWebServerApplicationContext : Root WebApplicationContext: initialization completed in 2350 ms
2023-04-13 11:04:55.398  INFO 16476 --- [restartedMain] o.hibernate.jpa.internal.util.LogHelper  : HHH000204: Processing PersistenceUnitInfo [name: default]
2023-04-13 11:04:55.493  INFO 16476 --- [restartedMain] org.hibernate.Version                    : HHH000412: Hibernate ORM core version 5.6.15.Final
2023-04-13 11:04:55.831  INFO 16476 --- [restartedMain] o.hibernate.annotations.common.Version   : HCANN000001: Hibernate Commons Annotations {5.1.2.Final}
2023-04-13 11:04:55.962  INFO 16476 --- [restartedMain] com.zaxxer.hikari.HikariDataSource       : HikariPool-1 - Starting...
2023-04-13 11:04:56.180  INFO 16476 --- [restartedMain] com.zaxxer.hikari.HikariDataSource       : HikariPool-1 - Start completed.
2023-04-13 11:04:56.204  INFO 16476 --- [restartedMain] org.hibernate.dialect.Dialect            : HHH000400: Using dialect: org.hibernate.dialect.MySQL5Dialect
2023-04-13 11:04:58.259  INFO 16476 --- [restartedMain] o.h.e.t.j.p.i.JtaPlatformInitiator       : HHH000490: Using JtaPlatform implementation: [org.hibernate.engine.transaction.jta.platform.internal.NoJtaPlatform]
2023-04-13 11:04:58.267  INFO 16476 --- [restartedMain] j.LocalContainerEntityManagerFactoryBean : Initialized JPA EntityManagerFactory for persistence unit 'default'
2023-04-13 11:04:58.801  WARN 16476 --- [restartedMain] JpaBaseConfiguration$JpaWebConfiguration : spring.jpa.open-in-view is enabled by default. Therefore, database queries may be performed during view rendering. Explicitly configure spring.jpa.open-in-view to disable this warning
2023-04-13 11:04:59.782  INFO 16476 --- [restartedMain] o.s.s.web.DefaultSecurityFilterChain     : Will secure any request with [org.springframework.security.web.session.DisableEncodeUrlFilter@3a9a4868, org.springframework.security.web.context.request.async.WebAsyncManagerIntegrationFilter@394e3b77, org.springframework.security.web.context.SecurityContextPersistenceFilter@15e39fb3, org.springframework.security.web.header.HeaderWriterFilter@7f91b826, org.springframework.security.web.authentication.logout.LogoutFilter@5e0facbc, com.yash.ems.config.JwtAuthenticationFilter@67cbef0e, org.springframework.security.web.savedrequest.RequestCacheAwareFilter@3257031d, org.springframework.security.web.servletapi.SecurityContextHolderAwareRequestFilter@659d2c8a, org.springframework.security.web.authentication.AnonymousAuthenticationFilter@53daae35, org.springframework.security.web.session.SessionManagementFilter@36ceff8f, org.springframework.security.web.access.ExceptionTranslationFilter@5d309fd6, org.springframework.security.web.access.intercept.FilterSecurityInterceptor@6c386161]
2023-04-13 11:04:59.829  INFO 16476 --- [restartedMain] pertySourcedRequestMappingHandlerMapping : Mapped URL path [/v2/api-docs] onto method [springfox.documentation.swagger2.web.Swagger2Controller#getDocumentation(String, HttpServletRequest)]
2023-04-13 11:05:00.032  INFO 16476 --- [restartedMain] o.s.b.d.a.OptionalLiveReloadServer       : LiveReload server is running on port 35729
2023-04-13 11:05:00.298  INFO 16476 --- [restartedMain] o.s.b.w.embedded.tomcat.TomcatWebServer  : Tomcat started on port(s): 8080 (http) with context path ''
2023-04-13 11:05:00.300  INFO 16476 --- [restartedMain] d.s.w.p.DocumentationPluginsBootstrapper : Context refreshed
2023-04-13 11:05:00.326  INFO 16476 --- [restartedMain] d.s.w.p.DocumentationPluginsBootstrapper : Found 1 custom documentation plugin(s)
2023-04-13 11:05:00.364  INFO 16476 --- [restartedMain] s.d.s.w.s.ApiListingReferenceScanner     : Scanning for api listing references
2023-04-13 11:05:00.799  INFO 16476 --- [restartedMain] c.y.ems.CompetencyEmsProjectApplication  : Started CompetencyEmsProjectApplication in 8.489 seconds (JVM running for 9.197)
2023-04-13 11:07:06.409  INFO 16476 --- [http-nio-8080-exec-1] o.a.c.c.C.[Tomcat].[localhost].[/]       : Initializing Spring DispatcherServlet 'dispatcherServlet'
2023-04-13 11:07:06.415  INFO 16476 --- [http-nio-8080-exec-1] o.s.web.servlet.DispatcherServlet        : Initializing Servlet 'dispatcherServlet'
2023-04-13 11:07:06.454  INFO 16476 --- [http-nio-8080-exec-1] o.s.web.servlet.DispatcherServlet        : Completed initialization in 39 ms
2023-04-13 11:07:06.499  INFO 16476 --- [http-nio-8080-exec-1] c.y.ems.config.JwtAuthenticationFilter   : Invalid token , not start with bearer string
2023-04-13 11:07:06.500  INFO 16476 --- [http-nio-8080-exec-1] c.y.ems.config.JwtAuthenticationFilter   : Token is not valid
2023-04-13 11:07:06.604  INFO 16476 --- [http-nio-8080-exec-2] c.y.ems.config.JwtAuthenticationFilter   : Invalid token , not start with bearer string
2023-04-13 11:07:06.604  INFO 16476 --- [http-nio-8080-exec-2] c.y.ems.config.JwtAuthenticationFilter   : Token is not valid
2023-04-13 11:07:07.319  INFO 16476 --- [http-nio-8080-exec-2] c.y.e.controller.AuthenticateController  : token genrated
2023-04-13 11:07:07.375  INFO 16476 --- [http-nio-8080-exec-3] c.y.ems.config.JwtAuthenticationFilter   : Invalid token , not start with bearer string
2023-04-13 11:07:07.375  INFO 16476 --- [http-nio-8080-exec-3] c.y.ems.config.JwtAuthenticationFilter   : Token is not valid
2023-04-13 11:07:36.794  INFO 16476 --- [http-nio-8080-exec-6] c.y.ems.config.JwtAuthenticationFilter   : Invalid token , not start with bearer string
2023-04-13 11:07:36.795  INFO 16476 --- [http-nio-8080-exec-6] c.y.ems.config.JwtAuthenticationFilter   : Token is not valid
2023-04-13 11:07:36.884  INFO 16476 --- [http-nio-8080-exec-6] c.y.e.controller.AuthenticateController  : token genrated
2023-04-13 11:07:40.203  INFO 16476 --- [http-nio-8080-exec-8] c.y.ems.config.JwtAuthenticationFilter   : Invalid token , not start with bearer string
2023-04-13 11:07:40.203  INFO 16476 --- [http-nio-8080-exec-8] c.y.ems.config.JwtAuthenticationFilter   : Token is not valid
2023-04-13 11:07:40.206  INFO 16476 --- [http-nio-8080-exec-9] c.y.ems.config.JwtAuthenticationFilter   : Invalid token , not start with bearer string
2023-04-13 11:07:40.206  INFO 16476 --- [http-nio-8080-exec-9] c.y.ems.config.JwtAuthenticationFilter   : Token is not valid
2023-04-13 11:07:40.232  INFO 16476 --- [http-nio-8080-exec-10] c.y.e.c.EmployeeFeedbackController       : getAllSkill() called
2023-04-13 11:07:40.232  INFO 16476 --- [http-nio-8080-exec-10] c.y.e.service.impl.FeedbackServiceImpl   : getSkills() called
2023-04-13 11:07:40.278  INFO 16476 --- [http-nio-8080-exec-1] c.y.e.c.EmployeeFeedbackController       : getAllEmployee() called
2023-04-13 11:07:40.278  INFO 16476 --- [http-nio-8080-exec-1] c.y.e.service.impl.FeedbackServiceImpl   : getEmployees() called
2023-04-13 11:07:49.448  INFO 16476 --- [http-nio-8080-exec-4] c.y.ems.config.JwtAuthenticationFilter   : Invalid token , not start with bearer string
2023-04-13 11:07:49.452  INFO 16476 --- [http-nio-8080-exec-4] c.y.ems.config.JwtAuthenticationFilter   : Token is not valid
2023-04-13 11:07:49.481  INFO 16476 --- [http-nio-8080-exec-5] c.y.e.c.EmployeeFeedbackController       : getFeedbackEmployees() called
2023-04-13 11:07:49.482  INFO 16476 --- [http-nio-8080-exec-5] c.y.e.service.impl.FeedbackServiceImpl   : getFeedbackEmployees() called
2023-04-13 11:07:53.684  INFO 16476 --- [http-nio-8080-exec-6] c.y.e.c.EmployeeFeedbackController       : getFeedbackEmployees() called
2023-04-13 11:07:53.684  INFO 16476 --- [http-nio-8080-exec-6] c.y.e.service.impl.FeedbackServiceImpl   : getFeedbackEmployees() called
2023-04-13 11:08:14.126  INFO 16476 --- [http-nio-8080-exec-8] c.y.ems.config.JwtAuthenticationFilter   : Invalid token , not start with bearer string
2023-04-13 11:08:14.127  INFO 16476 --- [http-nio-8080-exec-8] c.y.ems.config.JwtAuthenticationFilter   : Token is not valid
2023-04-13 11:08:14.208  INFO 16476 --- [http-nio-8080-exec-8] c.y.e.controller.AuthenticateController  : token genrated
2023-04-13 11:08:18.037  INFO 16476 --- [http-nio-8080-exec-10] c.y.ems.config.JwtAuthenticationFilter   : Invalid token , not start with bearer string
2023-04-13 11:08:18.037  INFO 16476 --- [http-nio-8080-exec-10] c.y.ems.config.JwtAuthenticationFilter   : Token is not valid
2023-04-13 11:08:18.072  INFO 16476 --- [http-nio-8080-exec-1] c.y.ems.controller.EmployeeController    : In Employee Controller....get Employee data 
2023-04-13 11:08:18.073  INFO 16476 --- [http-nio-8080-exec-1] c.yash.ems.service.impl.EmployeeService  : In Employee Service....get all Employee data 
2023-04-13 11:08:40.852  INFO 16476 --- [http-nio-8080-exec-2] c.y.ems.config.JwtAuthenticationFilter   : Invalid token , not start with bearer string
2023-04-13 11:08:40.853  INFO 16476 --- [http-nio-8080-exec-2] c.y.ems.config.JwtAuthenticationFilter   : Token is not valid
2023-04-13 11:08:40.884  INFO 16476 --- [http-nio-8080-exec-4] c.y.ems.controller.EmployeeController    : In Employee Controller....get single Employee data 
2023-04-13 11:08:40.884  INFO 16476 --- [http-nio-8080-exec-4] c.yash.ems.service.impl.EmployeeService  : In Employee Service....get single Employee data 
2023-04-13 11:08:45.832  INFO 16476 --- [http-nio-8080-exec-6] c.y.ems.controller.EmployeeController    : In Employee Controller....get Employee data 
2023-04-13 11:08:45.833  INFO 16476 --- [http-nio-8080-exec-6] c.yash.ems.service.impl.EmployeeService  : In Employee Service....get all Employee data 
2023-04-13 11:09:12.401  INFO 16476 --- [http-nio-8080-exec-8] c.y.e.c.EmployeeFeedbackController       : getFeedbackEmployees() called
2023-04-13 11:09:12.401  INFO 16476 --- [http-nio-8080-exec-8] c.y.e.service.impl.FeedbackServiceImpl   : getFeedbackEmployees() called
2023-04-13 11:09:23.912  INFO 16476 --- [http-nio-8080-exec-1] c.y.e.c.EmployeeFeedbackController       : getAllEmployee() called
2023-04-13 11:09:23.912  INFO 16476 --- [http-nio-8080-exec-10] c.y.e.c.EmployeeFeedbackController       : getAllSkill() called
2023-04-13 11:09:23.912  INFO 16476 --- [http-nio-8080-exec-1] c.y.e.service.impl.FeedbackServiceImpl   : getEmployees() called
2023-04-13 11:09:23.912  INFO 16476 --- [http-nio-8080-exec-10] c.y.e.service.impl.FeedbackServiceImpl   : getSkills() called
2023-04-13 11:10:10.968  INFO 16476 --- [http-nio-8080-exec-4] c.y.e.c.EmployeeFeedbackController       : getAllSkill() called
2023-04-13 11:10:10.968  INFO 16476 --- [http-nio-8080-exec-5] c.y.e.c.EmployeeFeedbackController       : getAllEmployee() called
2023-04-13 11:10:10.969  INFO 16476 --- [http-nio-8080-exec-4] c.y.e.service.impl.FeedbackServiceImpl   : getSkills() called
2023-04-13 11:10:10.970  INFO 16476 --- [http-nio-8080-exec-5] c.y.e.service.impl.FeedbackServiceImpl   : getEmployees() called
2023-04-13 11:10:17.634  INFO 16476 --- [http-nio-8080-exec-6] c.y.ems.config.JwtAuthenticationFilter   : Invalid token , not start with bearer string
2023-04-13 11:10:17.634  INFO 16476 --- [http-nio-8080-exec-6] c.y.ems.config.JwtAuthenticationFilter   : Token is not valid
2023-04-13 11:10:17.654  INFO 16476 --- [http-nio-8080-exec-7] c.yash.ems.controller.ReportController   : getAllReports() called
2023-04-13 11:10:17.655  INFO 16476 --- [http-nio-8080-exec-7] c.y.ems.service.impl.ReportServiceImpl   : getAllReports() called
2023-04-13 11:10:30.267  INFO 16476 --- [http-nio-8080-exec-10] c.y.ems.config.JwtAuthenticationFilter   : Invalid token , not start with bearer string
2023-04-13 11:10:30.268  INFO 16476 --- [http-nio-8080-exec-10] c.y.ems.config.JwtAuthenticationFilter   : Token is not valid
2023-04-13 11:10:30.288  INFO 16476 --- [http-nio-8080-exec-1] c.yash.ems.controller.ReportController   : getReportByFeedbackId() called
2023-04-13 11:10:30.288  INFO 16476 --- [http-nio-8080-exec-1] c.y.ems.service.impl.ReportServiceImpl   : getReportByFeedBackId() called
2023-04-13 11:10:32.822  INFO 16476 --- [http-nio-8080-exec-2] c.yash.ems.controller.ReportController   : getAllReports() called
2023-04-13 11:10:32.822  INFO 16476 --- [http-nio-8080-exec-2] c.y.ems.service.impl.ReportServiceImpl   : getAllReports() called
2023-04-13 11:10:34.530  INFO 16476 --- [http-nio-8080-exec-3] c.yash.ems.controller.ReportController   : getAllReports() called
2023-04-13 11:10:34.530  INFO 16476 --- [http-nio-8080-exec-3] c.y.ems.service.impl.ReportServiceImpl   : getAllReports() called
2023-04-13 11:10:36.827  INFO 16476 --- [http-nio-8080-exec-4] c.yash.ems.controller.ReportController   : getAllReports() called
2023-04-13 11:10:36.827  INFO 16476 --- [http-nio-8080-exec-4] c.y.ems.service.impl.ReportServiceImpl   : getAllReports() called
